<?xml version="1.0" encoding="UTF-8"?>
<!-- Generated by org.testng.reporters.JUnitReportReporter -->
<testsuite hostname="LTIN294257" failures="0" tests="27" name="allTest.HotelsTest" time="38.073" errors="0" timestamp="2024-01-17T16:36:46 IST" skipped="0">
  <testcase classname="allTest.HotelsTest" name="navigateToHotelsPage" time="2.557"/>
  <testcase classname="allTest.HotelsTest" name="verifySortingOptions" time="3.516"/>
  <testcase classname="allTest.HotelsTest" name="verifyCustomerRatingFilter" time="2.558"/>
  <testcase classname="allTest.HotelsTest" name="verifyOfferCodeSelection" time="1.164"/>
  <testcase classname="allTest.HotelsTest" name="validationOfSearchField" time="1.179"/>
  <testcase classname="allTest.HotelsTest" name="verifyDetailsOnPaymentGateway" time="0.132"/>
  <testcase classname="allTest.HotelsTest" name="validationOfRoomsField" time="0.299"/>
  <testcase classname="allTest.HotelsTest" name="verifySearchCriteria" time="0.296"/>
  <testcase classname="allTest.HotelsTest" name="verifyPriceSummary" time="0.170"/>
  <testcase classname="allTest.HotelsTest" name="verifyPaymentButton" time="3.745"/>
  <testcase classname="allTest.HotelsTest" name="verifyPayWithoutSavingCardButton" time="1.114"/>
  <testcase classname="allTest.HotelsTest" name="verifyHotelSelection" time="2.825"/>
  <testcase classname="allTest.HotelsTest" name="verifyPriceFilter" time="3.783"/>
  <testcase classname="allTest.HotelsTest" name="verifySortingOptions" time="1.908"/>
  <testcase classname="allTest.HotelsTest" name="validateSearchCriteria" time="0.081"/>
  <testcase classname="allTest.HotelsTest" name="verifySortingOptions" time="2.094"/>
  <testcase classname="allTest.HotelsTest" name="verifyCardPaymentOption" time="0.240"/>
  <testcase classname="allTest.HotelsTest" name="validationOfWhereSearchfield" time="1.134"/>
  <testcase classname="allTest.HotelsTest" name="verifyRequiredFields" time="1.015"/>
  <testcase classname="allTest.HotelsTest" name="validationOfChildrenField" time="0.810"/>
  <testcase classname="allTest.HotelsTest" name="verifyCardDetailsFields" time="1.413"/>
  <testcase classname="allTest.HotelsTest" name="verify0RoomAdd" time="0.351"/>
  <testcase classname="allTest.HotelsTest" name="verify0AdultAdd" time="0.339"/>
  <testcase classname="allTest.HotelsTest" name="validationOfRadioButtons" time="0.833"/>
  <testcase classname="allTest.HotelsTest" name="validationOfDateFields" time="0.522"/>
  <testcase classname="allTest.HotelsTest" name="verifyRoomOptionsSelection" time="3.692"/>
  <testcase classname="allTest.HotelsTest" name="validationOfAdultsField" time="0.303"/>
</testsuite> <!-- allTest.HotelsTest -->
