<?xml version="1.0" encoding="UTF-8"?>
<!-- Generated by org.testng.reporters.JUnitReportReporter -->
<testsuite hostname="LTIN294257" failures="0" tests="27" name="allTest.HotelsTest" time="50.308" errors="0" timestamp="2024-01-08T11:19:56 IST" skipped="0">
  <testcase classname="allTest.HotelsTest" name="validationOfAdultsField" time="0.359"/>
  <testcase classname="allTest.HotelsTest" name="validationOfWhereSearchfield" time="0.913"/>
  <testcase classname="allTest.HotelsTest" name="verifyCardDetailsFields" time="1.698"/>
  <testcase classname="allTest.HotelsTest" name="verifyPaymentButton" time="3.165"/>
  <testcase classname="allTest.HotelsTest" name="navigateToHotelsPage" time="2.696"/>
  <testcase classname="allTest.HotelsTest" name="verifySearchCriteria" time="0.124"/>
  <testcase classname="allTest.HotelsTest" name="verifyOfferCodeSelection" time="1.577"/>
  <testcase classname="allTest.HotelsTest" name="validationOfDateFields" time="0.510"/>
  <testcase classname="allTest.HotelsTest" name="verifyPriceSummary" time="0.172"/>
  <testcase classname="allTest.HotelsTest" name="verifyHotelSelection" time="1.684"/>
  <testcase classname="allTest.HotelsTest" name="verifyDetailsOnPaymentGateway" time="0.125"/>
  <testcase classname="allTest.HotelsTest" name="verifyCardPaymentOption" time="0.248"/>
  <testcase classname="allTest.HotelsTest" name="verifyCustomerRatingFilter" time="1.418"/>
  <testcase classname="allTest.HotelsTest" name="verifySortingOptions" time="1.758"/>
  <testcase classname="allTest.HotelsTest" name="validationOfRadioButtons" time="0.788"/>
  <testcase classname="allTest.HotelsTest" name="verifyPayWithoutSavingCardButton" time="0.885"/>
  <testcase classname="allTest.HotelsTest" name="verifySortingOptions" time="1.897"/>
  <testcase classname="allTest.HotelsTest" name="verifyRequiredFields" time="1.058"/>
  <testcase classname="allTest.HotelsTest" name="validationOfSearchField" time="19.049"/>
  <testcase classname="allTest.HotelsTest" name="validationOfRoomsField" time="0.345"/>
  <testcase classname="allTest.HotelsTest" name="verifyPriceFilter" time="2.732"/>
  <testcase classname="allTest.HotelsTest" name="verifyRoomOptionsSelection" time="3.851"/>
  <testcase classname="allTest.HotelsTest" name="validationOfChildrenField" time="0.726"/>
  <testcase classname="allTest.HotelsTest" name="verifySortingOptions" time="1.732"/>
  <testcase classname="allTest.HotelsTest" name="validateSearchCriteria" time="0.124"/>
  <testcase classname="allTest.HotelsTest" name="verify0AdultAdd" time="0.330"/>
  <testcase classname="allTest.HotelsTest" name="verify0RoomAdd" time="0.344"/>
</testsuite> <!-- allTest.HotelsTest -->
