<?xml version="1.0" encoding="UTF-8"?>
<!-- Generated by org.testng.reporters.JUnitReportReporter -->
<testsuite hostname="LTIN294257" failures="0" tests="3" name="allTest.LoginTest" time="22.830" errors="0" timestamp="2024-01-17T16:36:46 IST" skipped="0">
  <testcase classname="allTest.LoginTest" name="invalidSignIn" time="3.369"/>
  <testcase classname="allTest.LoginTest" name="signIn" time="19.217"/>
  <testcase classname="allTest.LoginTest" name="invalidSignIn" time="0.244"/>
</testsuite> <!-- allTest.LoginTest -->
