<?xml version="1.0" encoding="UTF-8"?>
<!-- Generated by org.testng.reporters.JUnitReportReporter -->
<testsuite hostname="LTIN294257" failures="0" tests="27" name="allTest.HotelsTest" time="41.144" errors="0" timestamp="2024-01-17T16:31:03 IST" skipped="0">
  <testcase classname="allTest.HotelsTest" name="verifyPriceSummary" time="0.168"/>
  <testcase classname="allTest.HotelsTest" name="verifyRoomOptionsSelection" time="3.744"/>
  <testcase classname="allTest.HotelsTest" name="verifySortingOptions" time="2.270"/>
  <testcase classname="allTest.HotelsTest" name="verifyPriceFilter" time="3.830"/>
  <testcase classname="allTest.HotelsTest" name="verifyOfferCodeSelection" time="0.975"/>
  <testcase classname="allTest.HotelsTest" name="validationOfChildrenField" time="0.740"/>
  <testcase classname="allTest.HotelsTest" name="validationOfRoomsField" time="0.319"/>
  <testcase classname="allTest.HotelsTest" name="validationOfWhereSearchfield" time="1.061"/>
  <testcase classname="allTest.HotelsTest" name="verifyCardPaymentOption" time="0.241"/>
  <testcase classname="allTest.HotelsTest" name="validationOfDateFields" time="0.459"/>
  <testcase classname="allTest.HotelsTest" name="validationOfRadioButtons" time="0.842"/>
  <testcase classname="allTest.HotelsTest" name="verifySortingOptions" time="3.956"/>
  <testcase classname="allTest.HotelsTest" name="validateSearchCriteria" time="0.086"/>
  <testcase classname="allTest.HotelsTest" name="verifyPayWithoutSavingCardButton" time="0.800"/>
  <testcase classname="allTest.HotelsTest" name="verifyCardDetailsFields" time="1.452"/>
  <testcase classname="allTest.HotelsTest" name="verifyRequiredFields" time="0.943"/>
  <testcase classname="allTest.HotelsTest" name="verify0AdultAdd" time="0.368"/>
  <testcase classname="allTest.HotelsTest" name="verifyCustomerRatingFilter" time="2.818"/>
  <testcase classname="allTest.HotelsTest" name="navigateToHotelsPage" time="3.450"/>
  <testcase classname="allTest.HotelsTest" name="verifyPaymentButton" time="4.972"/>
  <testcase classname="allTest.HotelsTest" name="validationOfSearchField" time="1.111"/>
  <testcase classname="allTest.HotelsTest" name="validationOfAdultsField" time="0.294"/>
  <testcase classname="allTest.HotelsTest" name="verify0RoomAdd" time="0.331"/>
  <testcase classname="allTest.HotelsTest" name="verifyDetailsOnPaymentGateway" time="0.148"/>
  <testcase classname="allTest.HotelsTest" name="verifyHotelSelection" time="2.741"/>
  <testcase classname="allTest.HotelsTest" name="verifySearchCriteria" time="0.660"/>
  <testcase classname="allTest.HotelsTest" name="verifySortingOptions" time="2.365"/>
</testsuite> <!-- allTest.HotelsTest -->
