<?xml version="1.0" encoding="UTF-8"?>
<!-- Generated by org.testng.reporters.JUnitReportReporter -->
<testsuite hostname="LTIN294257" failures="0" tests="18" name="allTest.FlightTest" time="121.357" errors="0" timestamp="2024-01-17T11:34:35 IST" skipped="0">
  <testcase classname="allTest.FlightTest" name="verifySearchButton" time="16.842"/>
  <testcase classname="allTest.FlightTest" name="navigateToFLightsPage" time="1.585"/>
  <testcase classname="allTest.FlightTest" name="lowestDateSelection" time="0.667"/>
  <testcase classname="allTest.FlightTest" name="verifyOriginCity" time="0.617"/>
  <testcase classname="allTest.FlightTest" name="verifyPassengerDetails" time="0.182"/>
  <testcase classname="allTest.FlightTest" name="verifyDateBtn" time="0.011"/>
  <testcase classname="allTest.FlightTest" name="verifyBookBtn" time="2.246"/>
  <testcase classname="allTest.FlightTest" name="validationOfLowestFares" time="44.561"/>
  <testcase classname="allTest.FlightTest" name="verifyFlightDetails" time="0.127"/>
  <testcase classname="allTest.FlightTest" name="verifyFromTextBox" time="0.400"/>
  <testcase classname="allTest.FlightTest" name="enterPassengerDetails" time="16.361"/>
  <testcase classname="allTest.FlightTest" name="verifyCardDetailsFields" time="1.221"/>
  <testcase classname="allTest.FlightTest" name="verifyToTextBox" time="0.012"/>
  <testcase classname="allTest.FlightTest" name="verifyCardPaymentOption" time="0.174"/>
  <testcase classname="allTest.FlightTest" name="verifyPayWithoutSavingCardButton" time="0.115"/>
  <testcase classname="allTest.FlightTest" name="verifyPriceFilter" time="35.728"/>
  <testcase classname="allTest.FlightTest" name="enterTravellerDetails" time="0.098"/>
  <testcase classname="allTest.FlightTest" name="verifyDestinationCity" time="0.410"/>
</testsuite> <!-- allTest.FlightTest -->
