<?xml version="1.0" encoding="UTF-8"?>
<!-- Generated by org.testng.reporters.JUnitReportReporter -->
<testsuite hostname="LTIN294257" failures="0" tests="3" name="allTest.LoginTest" time="13.650" errors="0" timestamp="2024-01-15T17:14:47 IST" skipped="0">
  <testcase classname="allTest.LoginTest" name="invalidSignIn" time="0.207"/>
  <testcase classname="allTest.LoginTest" name="signIn" time="12.906"/>
  <testcase classname="allTest.LoginTest" name="invalidSignIn" time="0.537"/>
</testsuite> <!-- allTest.LoginTest -->
